Case #1: 3 4 6
Case #2: 2 4
Case #3: 9 13 20 25 30
Case #4: 35 64 79 81
Case #5: 1 2 3 4 5 6 23
Case #6: 8 9 10 16
Case #7: 7 9 13 16 18 20 23 24 27 30
Case #8: 4 8
Case #9: 8 16 19 21 23 25 29 32 35 38
Case #10: 4 7 13 16 22 23 25 28 32 35
Case #11: 2 3 4
Case #12: 1 2 4 6 7
Case #13: 6 8
Case #14: 2 22
Case #15: 3 4 5 6 7 8 9
Case #16: 1 2 3
Case #17: 15 19 21 25 29 34 38 39
Case #18: 6 9 10 11 14
Case #19: 22 222
Case #20: 38 55 71 92 96 115 132
Case #21: 15 19 21 27 30 33 38 42
Case #22: 6 8 14
Case #23: 14 18 21 24 27 28
Case #24: 6 9
Case #25: 2 4 5 10
Case #26: 2 4 5 6 8 9 12 15 17
Case #27: 8 9 10 11 12 13 14 15 16 17
Case #28: 3 7 11 15 16
Case #29: 7 9 12 13
Case #30: 5 7 9
Case #31: 3 5 6 9
Case #32: 2 3
Case #33: 1 2 5 8 11 14 16
Case #34: 2 6 10 14
Case #35: 4 6 8 10 12 14 15
Case #36: 3 4 5
Case #37: 4 7 9 10 11 13 15 17
Case #38: 9 17 24 30 35 39 42 44 45 63
Case #39: 2 4 5 7 9 11 12 13 15 16
Case #40: 1 4 7 9 12 15 17 19 20
Case #41: 5 15 25 35 45 55 65 75 85 95
Case #42: 17 18 25 27 34 37 40
Case #43: 8 10 14 15 19 23 27 29 30 32
Case #44: 14 16 17 19 22 24 26 28
Case #45: 8 10 13 15 17
Case #46: 7 12 18 21 24 29
Case #47: 104 114 134 147 181 200 222 223 246 261
Case #48: 1 2 3 4 5 6 7
Case #49: 2 6
Case #50: 4 5 6 7
